<?xml version="1.0" encoding="UTF-8"?>
<!-- Generated by org.testng.reporters.JUnitXMLReporter -->
<testsuite ignored="2" hostname="INLPF3L43V4" failures="0" tests="1" name="Test1" time="11.143" errors="0" timestamp="2024-10-06T22:36:14 IST">
  <testcase classname="com.hyr.screenshots.TestClass" name="TestGoogle" time="5.469"/>
  <testcase classname="com.hyr.screenshots.TestClass" name="TestOrangeHRM" time="0.0">
    <ignored/>
  </testcase> <!-- TestOrangeHRM -->
  <testcase classname="com.hyr.screenshots.TestClass" name="TestFacebook" time="0.0">
    <ignored/>
  </testcase> <!-- TestFacebook -->
</testsuite> <!-- Test1 -->
